[2026-03-31T05:46:56.625Z] Starting the MongoMemoryServer Instance failed, enable debug log for more information. Error:
 StdoutInstanceError: Mongod internal error (fassert() failure\n\n"})
    at MongoInstance.checkErrorInLine (C:\Users\harsh\Documents\GitHub\backend\node_modules\mongodb-memory-server-core\lib\util\MongoInstance.js:425:58)
    at MongoInstance.stdoutHandler (C:\Users\harsh\Documents\GitHub\backend\node_modules\mongodb-memory-server-core\lib\util\MongoInstance.js:365:14)
    at Socket.emit (node:events:508:20)
    at addChunk (node:internal/streams/readable:564:12)
    at readableAddChunkPushByteMode (node:internal/streams/readable:515:3)
    at Readable.push (node:internal/streams/readable:395:5)
    at Pipe.onStreamRead (node:internal/stream_base_commons:189:23)
[2026-03-31T05:46:56.625Z] ❌ MongoDB Error: Mongod internal error (fassert() failure\n\n"})
[2026-03-31T05:46:56.635Z] Server crashed with code 1
[2026-03-31T05:47:02.227Z] Starting the MongoMemoryServer Instance failed, enable debug log for more information. Error:
 StdoutInstanceError: Mongod internal error (fassert() failure\n\n"})
    at MongoInstance.checkErrorInLine (C:\Users\harsh\Documents\GitHub\backend\node_modules\mongodb-memory-server-core\lib\util\MongoInstance.js:425:58)
    at MongoInstance.stdoutHandler (C:\Users\harsh\Documents\GitHub\backend\node_modules\mongodb-memory-server-core\lib\util\MongoInstance.js:365:14)
    at Socket.emit (node:events:508:20)
    at addChunk (node:internal/streams/readable:564:12)
    at readableAddChunkPushByteMode (node:internal/streams/readable:515:3)
    at Readable.push (node:internal/streams/readable:395:5)
    at Pipe.onStreamRead (node:internal/stream_base_commons:189:23)
[2026-03-31T05:47:02.227Z] ❌ MongoDB Error: Mongod internal error (fassert() failure\n\n"})
[2026-03-31T05:47:02.236Z] Server crashed with code 1
[2026-03-31T05:47:07.839Z] Starting the MongoMemoryServer Instance failed, enable debug log for more information. Error:
 StdoutInstanceError: Mongod internal error (fassert() failure\n\n"})
    at MongoInstance.checkErrorInLine (C:\Users\harsh\Documents\GitHub\backend\node_modules\mongodb-memory-server-core\lib\util\MongoInstance.js:425:58)
    at MongoInstance.stdoutHandler (C:\Users\harsh\Documents\GitHub\backend\node_modules\mongodb-memory-server-core\lib\util\MongoInstance.js:365:14)
    at Socket.emit (node:events:508:20)
    at addChunk (node:internal/streams/readable:564:12)
    at readableAddChunkPushByteMode (node:internal/streams/readable:515:3)
    at Readable.push (node:internal/streams/readable:395:5)
    at Pipe.onStreamRead (node:internal/stream_base_commons:189:23)
[2026-03-31T05:47:07.840Z] ❌ MongoDB Error: Mongod internal error (fassert() failure\n\n"})
[2026-03-31T05:47:07.850Z] Server crashed with code 1
[2026-03-31T05:47:13.458Z] Starting the MongoMemoryServer Instance failed, enable debug log for more information. Error:
 StdoutInstanceError: Mongod internal error (fassert() failure\n\n"})
    at MongoInstance.checkErrorInLine (C:\Users\harsh\Documents\GitHub\backend\node_modules\mongodb-memory-server-core\lib\util\MongoInstance.js:425:58)
    at MongoInstance.stdoutHandler (C:\Users\harsh\Documents\GitHub\backend\node_modules\mongodb-memory-server-core\lib\util\MongoInstance.js:365:14)
    at Socket.emit (node:events:508:20)
    at addChunk (node:internal/streams/readable:564:12)
    at readableAddChunkPushByteMode (node:internal/streams/readable:515:3)
    at Readable.push (node:internal/streams/readable:395:5)
    at Pipe.onStreamRead (node:internal/stream_base_commons:189:23)
[2026-03-31T05:47:13.458Z] ❌ MongoDB Error: Mongod internal error (fassert() failure\n\n"})
[2026-03-31T05:47:13.469Z] Server crashed with code 1
[2026-03-31T05:47:19.087Z] Starting the MongoMemoryServer Instance failed, enable debug log for more information. Error:
 StdoutInstanceError: Mongod internal error (fassert() failure\n\n"})
    at MongoInstance.checkErrorInLine (C:\Users\harsh\Documents\GitHub\backend\node_modules\mongodb-memory-server-core\lib\util\MongoInstance.js:425:58)
    at MongoInstance.stdoutHandler (C:\Users\harsh\Documents\GitHub\backend\node_modules\mongodb-memory-server-core\lib\util\MongoInstance.js:365:14)
    at Socket.emit (node:events:508:20)
    at addChunk (node:internal/streams/readable:564:12)
    at readableAddChunkPushByteMode (node:internal/streams/readable:515:3)
    at Readable.push (node:internal/streams/readable:395:5)
    at Pipe.onStreamRead (node:internal/stream_base_commons:189:23)
[2026-03-31T05:47:19.087Z] ❌ MongoDB Error: Mongod internal error (fassert() failure\n\n"})
[2026-03-31T05:47:19.097Z] Server crashed with code 1
[2026-03-31T05:47:24.695Z] Starting the MongoMemoryServer Instance failed, enable debug log for more information. Error:
 StdoutInstanceError: Mongod internal error (fassert() failure\n\n"})
    at MongoInstance.checkErrorInLine (C:\Users\harsh\Documents\GitHub\backend\node_modules\mongodb-memory-server-core\lib\util\MongoInstance.js:425:58)
    at MongoInstance.stdoutHandler (C:\Users\harsh\Documents\GitHub\backend\node_modules\mongodb-memory-server-core\lib\util\MongoInstance.js:365:14)
    at Socket.emit (node:events:508:20)
    at addChunk (node:internal/streams/readable:564:12)
    at readableAddChunkPushByteMode (node:internal/streams/readable:515:3)
    at Readable.push (node:internal/streams/readable:395:5)
    at Pipe.onStreamRead (node:internal/stream_base_commons:189:23)
[2026-03-31T05:47:24.696Z] ❌ MongoDB Error: Mongod internal error (fassert() failure\n\n"})
[2026-03-31T05:47:24.706Z] Server crashed with code 1
[2026-03-31T05:47:30.353Z] Starting the MongoMemoryServer Instance failed, enable debug log for more information. Error:
 StdoutInstanceError: Mongod internal error (fassert() failure\n\n"})
    at MongoInstance.checkErrorInLine (C:\Users\harsh\Documents\GitHub\backend\node_modules\mongodb-memory-server-core\lib\util\MongoInstance.js:425:58)
    at MongoInstance.stdoutHandler (C:\Users\harsh\Documents\GitHub\backend\node_modules\mongodb-memory-server-core\lib\util\MongoInstance.js:365:14)
    at Socket.emit (node:events:508:20)
    at addChunk (node:internal/streams/readable:564:12)
    at readableAddChunkPushByteMode (node:internal/streams/readable:515:3)
    at Readable.push (node:internal/streams/readable:395:5)
    at Pipe.onStreamRead (node:internal/stream_base_commons:189:23)
[2026-03-31T05:47:30.353Z] ❌ MongoDB Error: Mongod internal error (fassert() failure\n\n"})
[2026-03-31T05:47:30.363Z] Server crashed with code 1
[2026-03-31T05:47:36.004Z] Starting the MongoMemoryServer Instance failed, enable debug log for more information. Error:
 StdoutInstanceError: Mongod internal error (fassert() failure\n\n"})
    at MongoInstance.checkErrorInLine (C:\Users\harsh\Documents\GitHub\backend\node_modules\mongodb-memory-server-core\lib\util\MongoInstance.js:425:58)
    at MongoInstance.stdoutHandler (C:\Users\harsh\Documents\GitHub\backend\node_modules\mongodb-memory-server-core\lib\util\MongoInstance.js:365:14)
    at Socket.emit (node:events:508:20)
    at addChunk (node:internal/streams/readable:564:12)
    at readableAddChunkPushByteMode (node:internal/streams/readable:515:3)
    at Readable.push (node:internal/streams/readable:395:5)
    at Pipe.onStreamRead (node:internal/stream_base_commons:189:23)
[2026-03-31T05:47:36.005Z] ❌ MongoDB Error: Mongod internal error (fassert() failure\n\n"})
[2026-03-31T05:47:36.015Z] Server crashed with code 1
[2026-03-31T05:47:41.650Z] Starting the MongoMemoryServer Instance failed, enable debug log for more information. Error:
 StdoutInstanceError: Mongod internal error (fassert() failure\n\n"})
    at MongoInstance.checkErrorInLine (C:\Users\harsh\Documents\GitHub\backend\node_modules\mongodb-memory-server-core\lib\util\MongoInstance.js:425:58)
    at MongoInstance.stdoutHandler (C:\Users\harsh\Documents\GitHub\backend\node_modules\mongodb-memory-server-core\lib\util\MongoInstance.js:365:14)
    at Socket.emit (node:events:508:20)
    at addChunk (node:internal/streams/readable:564:12)
    at readableAddChunkPushByteMode (node:internal/streams/readable:515:3)
    at Readable.push (node:internal/streams/readable:395:5)
    at Pipe.onStreamRead (node:internal/stream_base_commons:189:23)
[2026-03-31T05:47:41.651Z] ❌ MongoDB Error: Mongod internal error (fassert() failure\n\n"})
[2026-03-31T05:47:41.661Z] Server crashed with code 1
[2026-03-31T05:47:47.282Z] Starting the MongoMemoryServer Instance failed, enable debug log for more information. Error:
 StdoutInstanceError: Mongod internal error (fassert() failure\n\n"})
    at MongoInstance.checkErrorInLine (C:\Users\harsh\Documents\GitHub\backend\node_modules\mongodb-memory-server-core\lib\util\MongoInstance.js:425:58)
    at MongoInstance.stdoutHandler (C:\Users\harsh\Documents\GitHub\backend\node_modules\mongodb-memory-server-core\lib\util\MongoInstance.js:365:14)
    at Socket.emit (node:events:508:20)
    at addChunk (node:internal/streams/readable:564:12)
    at readableAddChunkPushByteMode (node:internal/streams/readable:515:3)
    at Readable.push (node:internal/streams/readable:395:5)
    at Pipe.onStreamRead (node:internal/stream_base_commons:189:23)
[2026-03-31T05:47:47.282Z] ❌ MongoDB Error: Mongod internal error (fassert() failure\n\n"})
[2026-03-31T05:47:47.293Z] Server crashed with code 1
[2026-03-31T05:47:52.904Z] Starting the MongoMemoryServer Instance failed, enable debug log for more information. Error:
 StdoutInstanceError: Mongod internal error (fassert() failure\n\n"})
    at MongoInstance.checkErrorInLine (C:\Users\harsh\Documents\GitHub\backend\node_modules\mongodb-memory-server-core\lib\util\MongoInstance.js:425:58)
    at MongoInstance.stdoutHandler (C:\Users\harsh\Documents\GitHub\backend\node_modules\mongodb-memory-server-core\lib\util\MongoInstance.js:365:14)
    at Socket.emit (node:events:508:20)
    at addChunk (node:internal/streams/readable:564:12)
    at readableAddChunkPushByteMode (node:internal/streams/readable:515:3)
    at Readable.push (node:internal/streams/readable:395:5)
    at Pipe.onStreamRead (node:internal/stream_base_commons:189:23)
[2026-03-31T05:47:52.904Z] ❌ MongoDB Error: Mongod internal error (fassert() failure\n\n"})
[2026-03-31T05:47:52.913Z] Server crashed with code 1
[2026-03-31T05:47:58.511Z] Starting the MongoMemoryServer Instance failed, enable debug log for more information. Error:
 StdoutInstanceError: Mongod internal error (fassert() failure\n\n"})
    at MongoInstance.checkErrorInLine (C:\Users\harsh\Documents\GitHub\backend\node_modules\mongodb-memory-server-core\lib\util\MongoInstance.js:425:58)
    at MongoInstance.stdoutHandler (C:\Users\harsh\Documents\GitHub\backend\node_modules\mongodb-memory-server-core\lib\util\MongoInstance.js:365:14)
    at Socket.emit (node:events:508:20)
    at addChunk (node:internal/streams/readable:564:12)
    at readableAddChunkPushByteMode (node:internal/streams/readable:515:3)
    at Readable.push (node:internal/streams/readable:395:5)
    at Pipe.onStreamRead (node:internal/stream_base_commons:189:23)
[2026-03-31T05:47:58.511Z] ❌ MongoDB Error: Mongod internal error (fassert() failure\n\n"})
[2026-03-31T05:47:58.521Z] Server crashed with code 1
[2026-03-31T05:48:04.140Z] Starting the MongoMemoryServer Instance failed, enable debug log for more information. Error:
 StdoutInstanceError: Mongod internal error (fassert() failure\n\n"})
    at MongoInstance.checkErrorInLine (C:\Users\harsh\Documents\GitHub\backend\node_modules\mongodb-memory-server-core\lib\util\MongoInstance.js:425:58)
    at MongoInstance.stdoutHandler (C:\Users\harsh\Documents\GitHub\backend\node_modules\mongodb-memory-server-core\lib\util\MongoInstance.js:365:14)
    at Socket.emit (node:events:508:20)
    at addChunk (node:internal/streams/readable:564:12)
    at readableAddChunkPushByteMode (node:internal/streams/readable:515:3)
    at Readable.push (node:internal/streams/readable:395:5)
    at Pipe.onStreamRead (node:internal/stream_base_commons:189:23)
[2026-03-31T05:48:04.141Z] ❌ MongoDB Error: Mongod internal error (fassert() failure\n\n"})
[2026-03-31T05:48:04.150Z] Server crashed with code 1
[2026-03-31T05:48:09.772Z] Starting the MongoMemoryServer Instance failed, enable debug log for more information. Error:
 StdoutInstanceError: Mongod internal error (fassert() failure\n\n"})
    at MongoInstance.checkErrorInLine (C:\Users\harsh\Documents\GitHub\backend\node_modules\mongodb-memory-server-core\lib\util\MongoInstance.js:425:58)
    at MongoInstance.stdoutHandler (C:\Users\harsh\Documents\GitHub\backend\node_modules\mongodb-memory-server-core\lib\util\MongoInstance.js:365:14)
    at Socket.emit (node:events:508:20)
    at addChunk (node:internal/streams/readable:564:12)
    at readableAddChunkPushByteMode (node:internal/streams/readable:515:3)
    at Readable.push (node:internal/streams/readable:395:5)
    at Pipe.onStreamRead (node:internal/stream_base_commons:189:23)
[2026-03-31T05:48:09.773Z] ❌ MongoDB Error: Mongod internal error (fassert() failure\n\n"})
[2026-03-31T05:48:09.783Z] Server crashed with code 1
[2026-03-31T05:48:15.395Z] Starting the MongoMemoryServer Instance failed, enable debug log for more information. Error:
 StdoutInstanceError: Mongod internal error (fassert() failure\n\n"})
    at MongoInstance.checkErrorInLine (C:\Users\harsh\Documents\GitHub\backend\node_modules\mongodb-memory-server-core\lib\util\MongoInstance.js:425:58)
    at MongoInstance.stdoutHandler (C:\Users\harsh\Documents\GitHub\backend\node_modules\mongodb-memory-server-core\lib\util\MongoInstance.js:365:14)
    at Socket.emit (node:events:508:20)
    at addChunk (node:internal/streams/readable:564:12)
    at readableAddChunkPushByteMode (node:internal/streams/readable:515:3)
    at Readable.push (node:internal/streams/readable:395:5)
    at Pipe.onStreamRead (node:internal/stream_base_commons:189:23)
[2026-03-31T05:48:15.395Z] ❌ MongoDB Error: Mongod internal error (fassert() failure\n\n"})
[2026-03-31T05:48:15.405Z] Server crashed with code 1
[2026-03-31T05:48:21.042Z] Starting the MongoMemoryServer Instance failed, enable debug log for more information. Error:
 StdoutInstanceError: Mongod internal error (fassert() failure\n\n"})
    at MongoInstance.checkErrorInLine (C:\Users\harsh\Documents\GitHub\backend\node_modules\mongodb-memory-server-core\lib\util\MongoInstance.js:425:58)
    at MongoInstance.stdoutHandler (C:\Users\harsh\Documents\GitHub\backend\node_modules\mongodb-memory-server-core\lib\util\MongoInstance.js:365:14)
    at Socket.emit (node:events:508:20)
    at addChunk (node:internal/streams/readable:564:12)
    at readableAddChunkPushByteMode (node:internal/streams/readable:515:3)
    at Readable.push (node:internal/streams/readable:395:5)
    at Pipe.onStreamRead (node:internal/stream_base_commons:189:23)
[2026-03-31T05:48:21.042Z] ❌ MongoDB Error: Mongod internal error (fassert() failure\n\n"})
[2026-03-31T05:48:21.053Z] Server crashed with code 1
[2026-03-31T05:48:26.658Z] Starting the MongoMemoryServer Instance failed, enable debug log for more information. Error:
 StdoutInstanceError: Mongod internal error (fassert() failure\n\n"})
    at MongoInstance.checkErrorInLine (C:\Users\harsh\Documents\GitHub\backend\node_modules\mongodb-memory-server-core\lib\util\MongoInstance.js:425:58)
    at MongoInstance.stdoutHandler (C:\Users\harsh\Documents\GitHub\backend\node_modules\mongodb-memory-server-core\lib\util\MongoInstance.js:365:14)
    at Socket.emit (node:events:508:20)
    at addChunk (node:internal/streams/readable:564:12)
    at readableAddChunkPushByteMode (node:internal/streams/readable:515:3)
    at Readable.push (node:internal/streams/readable:395:5)
    at Pipe.onStreamRead (node:internal/stream_base_commons:189:23)
[2026-03-31T05:48:26.658Z] ❌ MongoDB Error: Mongod internal error (fassert() failure\n\n"})
[2026-03-31T05:48:26.668Z] Server crashed with code 1
[2026-03-31T05:48:32.290Z] Starting the MongoMemoryServer Instance failed, enable debug log for more information. Error:
 StdoutInstanceError: Mongod internal error (fassert() failure\n\n"})
    at MongoInstance.checkErrorInLine (C:\Users\harsh\Documents\GitHub\backend\node_modules\mongodb-memory-server-core\lib\util\MongoInstance.js:425:58)
    at MongoInstance.stdoutHandler (C:\Users\harsh\Documents\GitHub\backend\node_modules\mongodb-memory-server-core\lib\util\MongoInstance.js:365:14)
    at Socket.emit (node:events:508:20)
    at addChunk (node:internal/streams/readable:564:12)
    at readableAddChunkPushByteMode (node:internal/streams/readable:515:3)
    at Readable.push (node:internal/streams/readable:395:5)
    at Pipe.onStreamRead (node:internal/stream_base_commons:189:23)
[2026-03-31T05:48:32.291Z] ❌ MongoDB Error: Mongod internal error (fassert() failure\n\n"})
[2026-03-31T05:48:32.302Z] Server crashed with code 1
[2026-03-31T05:48:37.901Z] Starting the MongoMemoryServer Instance failed, enable debug log for more information. Error:
 StdoutInstanceError: Mongod internal error (fassert() failure\n\n"})
    at MongoInstance.checkErrorInLine (C:\Users\harsh\Documents\GitHub\backend\node_modules\mongodb-memory-server-core\lib\util\MongoInstance.js:425:58)
    at MongoInstance.stdoutHandler (C:\Users\harsh\Documents\GitHub\backend\node_modules\mongodb-memory-server-core\lib\util\MongoInstance.js:365:14)
    at Socket.emit (node:events:508:20)
    at addChunk (node:internal/streams/readable:564:12)
    at readableAddChunkPushByteMode (node:internal/streams/readable:515:3)
    at Readable.push (node:internal/streams/readable:395:5)
    at Pipe.onStreamRead (node:internal/stream_base_commons:189:23)
[2026-03-31T05:48:37.902Z] ❌ MongoDB Error: Mongod internal error (fassert() failure\n\n"})
[2026-03-31T05:48:37.912Z] Server crashed with code 1
[2026-03-31T05:48:43.525Z] Starting the MongoMemoryServer Instance failed, enable debug log for more information. Error:
 StdoutInstanceError: Mongod internal error (fassert() failure\n\n"})
    at MongoInstance.checkErrorInLine (C:\Users\harsh\Documents\GitHub\backend\node_modules\mongodb-memory-server-core\lib\util\MongoInstance.js:425:58)
    at MongoInstance.stdoutHandler (C:\Users\harsh\Documents\GitHub\backend\node_modules\mongodb-memory-server-core\lib\util\MongoInstance.js:365:14)
    at Socket.emit (node:events:508:20)
    at addChunk (node:internal/streams/readable:564:12)
    at readableAddChunkPushByteMode (node:internal/streams/readable:515:3)
    at Readable.push (node:internal/streams/readable:395:5)
    at Pipe.onStreamRead (node:internal/stream_base_commons:189:23)
[2026-03-31T05:48:43.526Z] ❌ MongoDB Error: Mongod internal error (fassert() failure\n\n"})
[2026-03-31T05:48:43.535Z] Server crashed with code 1
[2026-03-31T05:48:49.154Z] Starting the MongoMemoryServer Instance failed, enable debug log for more information. Error:
 StdoutInstanceError: Mongod internal error (fassert() failure\n\n"})
    at MongoInstance.checkErrorInLine (C:\Users\harsh\Documents\GitHub\backend\node_modules\mongodb-memory-server-core\lib\util\MongoInstance.js:425:58)
    at MongoInstance.stdoutHandler (C:\Users\harsh\Documents\GitHub\backend\node_modules\mongodb-memory-server-core\lib\util\MongoInstance.js:365:14)
    at Socket.emit (node:events:508:20)
    at addChunk (node:internal/streams/readable:564:12)
    at readableAddChunkPushByteMode (node:internal/streams/readable:515:3)
    at Readable.push (node:internal/streams/readable:395:5)
    at Pipe.onStreamRead (node:internal/stream_base_commons:189:23)
[2026-03-31T05:48:49.155Z] ❌ MongoDB Error: Mongod internal error (fassert() failure\n\n"})
[2026-03-31T05:48:49.165Z] Server crashed with code 1
[2026-03-31T05:48:54.755Z] Starting the MongoMemoryServer Instance failed, enable debug log for more information. Error:
 StdoutInstanceError: Mongod internal error (fassert() failure\n\n"})
    at MongoInstance.checkErrorInLine (C:\Users\harsh\Documents\GitHub\backend\node_modules\mongodb-memory-server-core\lib\util\MongoInstance.js:425:58)
    at MongoInstance.stdoutHandler (C:\Users\harsh\Documents\GitHub\backend\node_modules\mongodb-memory-server-core\lib\util\MongoInstance.js:365:14)
    at Socket.emit (node:events:508:20)
    at addChunk (node:internal/streams/readable:564:12)
    at readableAddChunkPushByteMode (node:internal/streams/readable:515:3)
    at Readable.push (node:internal/streams/readable:395:5)
    at Pipe.onStreamRead (node:internal/stream_base_commons:189:23)
[2026-03-31T05:48:54.756Z] ❌ MongoDB Error: Mongod internal error (fassert() failure\n\n"})
[2026-03-31T05:48:54.768Z] Server crashed with code 1
[2026-03-31T05:49:00.367Z] Starting the MongoMemoryServer Instance failed, enable debug log for more information. Error:
 StdoutInstanceError: Mongod internal error (fassert() failure\n\n"})
    at MongoInstance.checkErrorInLine (C:\Users\harsh\Documents\GitHub\backend\node_modules\mongodb-memory-server-core\lib\util\MongoInstance.js:425:58)
    at MongoInstance.stdoutHandler (C:\Users\harsh\Documents\GitHub\backend\node_modules\mongodb-memory-server-core\lib\util\MongoInstance.js:365:14)
    at Socket.emit (node:events:508:20)
    at addChunk (node:internal/streams/readable:564:12)
    at readableAddChunkPushByteMode (node:internal/streams/readable:515:3)
    at Readable.push (node:internal/streams/readable:395:5)
    at Pipe.onStreamRead (node:internal/stream_base_commons:189:23)
[2026-03-31T05:49:00.367Z] ❌ MongoDB Error: Mongod internal error (fassert() failure\n\n"})
[2026-03-31T05:49:00.376Z] Server crashed with code 1
[2026-03-31T05:49:05.978Z] Starting the MongoMemoryServer Instance failed, enable debug log for more information. Error:
 StdoutInstanceError: Mongod internal error (fassert() failure\n\n"})
    at MongoInstance.checkErrorInLine (C:\Users\harsh\Documents\GitHub\backend\node_modules\mongodb-memory-server-core\lib\util\MongoInstance.js:425:58)
    at MongoInstance.stdoutHandler (C:\Users\harsh\Documents\GitHub\backend\node_modules\mongodb-memory-server-core\lib\util\MongoInstance.js:365:14)
    at Socket.emit (node:events:508:20)
    at addChunk (node:internal/streams/readable:564:12)
    at readableAddChunkPushByteMode (node:internal/streams/readable:515:3)
    at Readable.push (node:internal/streams/readable:395:5)
    at Pipe.onStreamRead (node:internal/stream_base_commons:189:23)
[2026-03-31T05:49:05.978Z] ❌ MongoDB Error: Mongod internal error (fassert() failure\n\n"})
[2026-03-31T05:49:05.988Z] Server crashed with code 1
[2026-03-31T05:49:11.592Z] Starting the MongoMemoryServer Instance failed, enable debug log for more information. Error:
 StdoutInstanceError: Mongod internal error (fassert() failure\n\n"})
    at MongoInstance.checkErrorInLine (C:\Users\harsh\Documents\GitHub\backend\node_modules\mongodb-memory-server-core\lib\util\MongoInstance.js:425:58)
    at MongoInstance.stdoutHandler (C:\Users\harsh\Documents\GitHub\backend\node_modules\mongodb-memory-server-core\lib\util\MongoInstance.js:365:14)
    at Socket.emit (node:events:508:20)
    at addChunk (node:internal/streams/readable:564:12)
    at readableAddChunkPushByteMode (node:internal/streams/readable:515:3)
    at Readable.push (node:internal/streams/readable:395:5)
    at Pipe.onStreamRead (node:internal/stream_base_commons:189:23)
[2026-03-31T05:49:11.592Z] ❌ MongoDB Error: Mongod internal error (fassert() failure\n\n"})
[2026-03-31T05:49:11.602Z] Server crashed with code 1
[2026-03-31T05:49:17.187Z] Starting the MongoMemoryServer Instance failed, enable debug log for more information. Error:
 StdoutInstanceError: Mongod internal error (fassert() failure\n\n"})
    at MongoInstance.checkErrorInLine (C:\Users\harsh\Documents\GitHub\backend\node_modules\mongodb-memory-server-core\lib\util\MongoInstance.js:425:58)
    at MongoInstance.stdoutHandler (C:\Users\harsh\Documents\GitHub\backend\node_modules\mongodb-memory-server-core\lib\util\MongoInstance.js:365:14)
    at Socket.emit (node:events:508:20)
    at addChunk (node:internal/streams/readable:564:12)
    at readableAddChunkPushByteMode (node:internal/streams/readable:515:3)
    at Readable.push (node:internal/streams/readable:395:5)
    at Pipe.onStreamRead (node:internal/stream_base_commons:189:23)
[2026-03-31T05:49:17.188Z] ❌ MongoDB Error: Mongod internal error (fassert() failure\n\n"})
[2026-03-31T05:49:17.197Z] Server crashed with code 1
